21-Mar-2019 18:28:34.153 정보 [main] org.apache.catalina.startup.VersionLoggerListener.log 서버 버전 이름:        Apache Tomcat/9.0.17
21-Mar-2019 18:28:34.158 정보 [main] org.apache.catalina.startup.VersionLoggerListener.log Server 빌드 시각:          Mar 13 2019 15:55:27 UTC
21-Mar-2019 18:28:34.158 정보 [main] org.apache.catalina.startup.VersionLoggerListener.log Server 버전 번호:         9.0.17.0
21-Mar-2019 18:28:34.158 정보 [main] org.apache.catalina.startup.VersionLoggerListener.log 운영체제 이름:               Windows 10
21-Mar-2019 18:28:34.158 정보 [main] org.apache.catalina.startup.VersionLoggerListener.log 운영체제 버전:            10.0
21-Mar-2019 18:28:34.158 정보 [main] org.apache.catalina.startup.VersionLoggerListener.log 아키텍처:          amd64
21-Mar-2019 18:28:34.159 정보 [main] org.apache.catalina.startup.VersionLoggerListener.log 자바 홈:             C:\Program Files\Java\jre1.8.0_73
21-Mar-2019 18:28:34.159 정보 [main] org.apache.catalina.startup.VersionLoggerListener.log JVM 버전:           1.8.0_73-b02
21-Mar-2019 18:28:34.159 정보 [main] org.apache.catalina.startup.VersionLoggerListener.log JVM 벤더:            Oracle Corporation
21-Mar-2019 18:28:34.159 정보 [main] org.apache.catalina.startup.VersionLoggerListener.log CATALINA_BASE:         C:\Program Files\Apache Software Foundation\Tomcat 9.0
21-Mar-2019 18:28:34.159 정보 [main] org.apache.catalina.startup.VersionLoggerListener.log CATALINA_HOME:         C:\Program Files\Apache Software Foundation\Tomcat 9.0
21-Mar-2019 18:28:34.159 정보 [main] org.apache.catalina.startup.VersionLoggerListener.log 명령 행 아규먼트: -Dcatalina.home=C:\Program Files\Apache Software Foundation\Tomcat 9.0
21-Mar-2019 18:28:34.159 정보 [main] org.apache.catalina.startup.VersionLoggerListener.log 명령 행 아규먼트: -Dcatalina.base=C:\Program Files\Apache Software Foundation\Tomcat 9.0
21-Mar-2019 18:28:34.159 정보 [main] org.apache.catalina.startup.VersionLoggerListener.log 명령 행 아규먼트: -Djava.io.tmpdir=C:\Program Files\Apache Software Foundation\Tomcat 9.0\temp
21-Mar-2019 18:28:34.159 정보 [main] org.apache.catalina.startup.VersionLoggerListener.log 명령 행 아규먼트: -Djava.util.logging.manager=org.apache.juli.ClassLoaderLogManager
21-Mar-2019 18:28:34.159 정보 [main] org.apache.catalina.startup.VersionLoggerListener.log 명령 행 아규먼트: -Djava.util.logging.config.file=C:\Program Files\Apache Software Foundation\Tomcat 9.0\conf\logging.properties
21-Mar-2019 18:28:34.159 정보 [main] org.apache.catalina.startup.VersionLoggerListener.log 명령 행 아규먼트: exit
21-Mar-2019 18:28:34.159 정보 [main] org.apache.catalina.startup.VersionLoggerListener.log 명령 행 아규먼트: abort
21-Mar-2019 18:28:34.160 정보 [main] org.apache.catalina.startup.VersionLoggerListener.log 명령 행 아규먼트: -Xms128m
21-Mar-2019 18:28:34.160 정보 [main] org.apache.catalina.startup.VersionLoggerListener.log 명령 행 아규먼트: -Xmx256m
21-Mar-2019 18:28:34.160 정보 [main] org.apache.catalina.core.AprLifecycleListener.lifecycleEvent 프로덕션 환경들에서 최적의 성능을 제공하는, APR 기반 Apache Tomcat Native 라이브러리가, 다음 java.library.path에서 발견되지 않습니다: [C:\Program Files\Apache Software Foundation\Tomcat 9.0\bin;C:\WINDOWS\Sun\Java\bin;C:\WINDOWS\system32;C:\WINDOWS;C:\oraclexe\app\oracle\product\11.2.0\server\bin;;C:\ProgramData\Oracle\Java\javapath;C:\WINDOWS\system32;C:\WINDOWS;C:\WINDOWS\System32\Wbem;C:\WINDOWS\System32\WindowsPowerShell\v1.0\;C:\WINDOWS\System32\OpenSSH\;C:\Program Files\Java\jdk1.8.0_73\bin;C:\Program Files\Git\cmd;C:\WINDOWS\system32\config\systemprofile\AppData\Local\Microsoft\WindowsApps;.]
21-Mar-2019 18:28:34.314 정보 [main] org.apache.coyote.AbstractProtocol.init 프로토콜 핸들러 ["http-nio-9090"]을(를) 초기화합니다.
21-Mar-2019 18:28:34.370 정보 [main] org.apache.coyote.AbstractProtocol.init 프로토콜 핸들러 ["ajp-nio-8009"]을(를) 초기화합니다.
21-Mar-2019 18:28:34.387 정보 [main] org.apache.catalina.startup.Catalina.load [649] 밀리초 내에 서버가 초기화되었습니다.
21-Mar-2019 18:28:34.420 정보 [main] org.apache.catalina.core.StandardService.startInternal 서비스 [Catalina]을(를) 시작합니다.
21-Mar-2019 18:28:34.420 정보 [main] org.apache.catalina.core.StandardEngine.startInternal 서버 엔진을 시작합니다: [Apache Tomcat/9.0.17]
21-Mar-2019 18:28:34.429 정보 [main] org.apache.catalina.startup.HostConfig.deployDirectory 웹 애플리케이션 디렉토리 [C:\Program Files\Apache Software Foundation\Tomcat 9.0\webapps\docs]을(를) 배치합니다.
21-Mar-2019 18:28:34.781 정보 [main] org.apache.catalina.startup.HostConfig.deployDirectory 웹 애플리케이션 디렉토리 [C:\Program Files\Apache Software Foundation\Tomcat 9.0\webapps\docs]에 대한 배치가 [352] 밀리초에 완료되었습니다.
21-Mar-2019 18:28:34.781 정보 [main] org.apache.catalina.startup.HostConfig.deployDirectory 웹 애플리케이션 디렉토리 [C:\Program Files\Apache Software Foundation\Tomcat 9.0\webapps\manager]을(를) 배치합니다.
21-Mar-2019 18:28:34.833 정보 [main] org.apache.catalina.startup.HostConfig.deployDirectory 웹 애플리케이션 디렉토리 [C:\Program Files\Apache Software Foundation\Tomcat 9.0\webapps\manager]에 대한 배치가 [52] 밀리초에 완료되었습니다.
21-Mar-2019 18:28:34.835 정보 [main] org.apache.catalina.startup.HostConfig.deployDirectory 웹 애플리케이션 디렉토리 [C:\Program Files\Apache Software Foundation\Tomcat 9.0\webapps\ROOT]을(를) 배치합니다.
21-Mar-2019 18:28:34.877 정보 [main] org.apache.catalina.startup.HostConfig.deployDirectory 웹 애플리케이션 디렉토리 [C:\Program Files\Apache Software Foundation\Tomcat 9.0\webapps\ROOT]에 대한 배치가 [42] 밀리초에 완료되었습니다.
21-Mar-2019 18:28:34.882 정보 [main] org.apache.coyote.AbstractProtocol.start 프로토콜 핸들러 ["http-nio-9090"]을(를) 시작합니다.
21-Mar-2019 18:28:34.894 정보 [main] org.apache.coyote.AbstractProtocol.start 프로토콜 핸들러 ["ajp-nio-8009"]을(를) 시작합니다.
21-Mar-2019 18:28:34.899 정보 [main] org.apache.catalina.startup.Catalina.start 서버가 [511] 밀리초 내에 시작되었습니다.
